<?xml version="1.0" encoding="utf-8"?><testsuites name="pytest tests"><testsuite name="pytest" errors="0" failures="1" skipped="0" tests="23" time="130.796" timestamp="2026-02-18T11:17:05.431822+00:00" hostname="agent-env-6fa823c6-4aa0-4bda-b5d4-0d7497aaac02"><testcase classname="backend.tests.test_horoscope_api.TestRootAndBasicEndpoints" name="test_root_endpoint" time="1.215" /><testcase classname="backend.tests.test_horoscope_api.TestRootAndBasicEndpoints" name="test_zodiac_signs_endpoint" time="0.793" /><testcase classname="backend.tests.test_horoscope_api.TestHoroscopeGeneration" name="test_get_daily_horoscope_aries" time="0.782" /><testcase classname="backend.tests.test_horoscope_api.TestHoroscopeGeneration" name="test_generate_horoscope_weekly" time="10.510" /><testcase classname="backend.tests.test_horoscope_api.TestHoroscopeGeneration" name="test_generate_horoscope_monthly" time="11.243" /><testcase classname="backend.tests.test_horoscope_api.TestHoroscopeGeneration" name="test_invalid_zodiac_sign" time="0.735" /><testcase classname="backend.tests.test_horoscope_api.TestBirthProfile" name="test_create_birth_profile" time="0.711" /><testcase classname="backend.tests.test_horoscope_api.TestBirthProfile" name="test_get_birth_profile" time="0.725" /><testcase classname="backend.tests.test_horoscope_api.TestBirthProfile" name="test_list_birth_profiles" time="0.899" /><testcase classname="backend.tests.test_horoscope_api.TestBirthChart" name="test_generate_birth_chart" time="32.950" /><testcase classname="backend.tests.test_horoscope_api.TestBirthChart" name="test_get_birth_chart" time="0.755" /><testcase classname="backend.tests.test_horoscope_api.TestKundaliMilan" name="test_generate_kundali_milan" time="58.946" /><testcase classname="backend.tests.test_horoscope_api.TestRazorpayPayment" name="test_create_payment_order_birth_chart" time="1.427" /><testcase classname="backend.tests.test_horoscope_api.TestRazorpayPayment" name="test_create_payment_order_kundali_milan" time="0.835" /><testcase classname="backend.tests.test_horoscope_api.TestRazorpayPayment" name="test_create_payment_order_premium_monthly" time="0.811" /><testcase classname="backend.tests.test_horoscope_api.TestRazorpayPayment" name="test_invalid_report_type" time="0.694"><failure message="assert 520 == 400&#10; +  where 520 = &lt;Response [520]&gt;.status_code">backend/tests/test_horoscope_api.py:296: in test_invalid_report_type
    assert response.status_code == 400
E   assert 520 == 400
E    +  where 520 = &lt;Response [520]&gt;.status_code</failure></testcase><testcase classname="backend.tests.test_horoscope_api.TestPremiumAccess" name="test_check_premium_access_no_access" time="0.709" /><testcase classname="backend.tests.test_horoscope_api.TestAuthentication" name="test_register_user" time="1.048" /><testcase classname="backend.tests.test_horoscope_api.TestAuthentication" name="test_login_user" time="1.929" /><testcase classname="backend.tests.test_horoscope_api.TestAuthentication" name="test_login_invalid_credentials" time="0.681" /><testcase classname="backend.tests.test_horoscope_api.TestAuthentication" name="test_get_current_user_with_session" time="0.817" /><testcase classname="backend.tests.test_horoscope_api.TestShareLinks" name="test_create_share_link" time="0.769" /><testcase classname="backend.tests.test_horoscope_api.TestShareLinks" name="test_get_share_link_invalid" time="0.680" /></testsuite></testsuites>